/home/lee/ros2_ws/src/visualizer/install/visualizer/lib/python3.10/site-packages/visualizer/record.py
/home/lee/ros2_ws/src/visualizer/install/visualizer/lib/python3.10/site-packages/visualizer/caster_kinematic_estimator.py
/home/lee/ros2_ws/src/visualizer/install/visualizer/lib/python3.10/site-packages/visualizer/plot.py
/home/lee/ros2_ws/src/visualizer/install/visualizer/lib/python3.10/site-packages/visualizer/__init__.py
/home/lee/ros2_ws/src/visualizer/install/visualizer/lib/python3.10/site-packages/visualizer/trajectory_triptych.py
/home/lee/ros2_ws/src/visualizer/install/visualizer/lib/python3.10/site-packages/visualizer/key_stop_plot.py
/home/lee/ros2_ws/src/visualizer/install/visualizer/lib/python3.10/site-packages/visualizer/__pycache__/record.cpython-310.pyc
/home/lee/ros2_ws/src/visualizer/install/visualizer/lib/python3.10/site-packages/visualizer/__pycache__/caster_kinematic_estimator.cpython-310.pyc
/home/lee/ros2_ws/src/visualizer/install/visualizer/lib/python3.10/site-packages/visualizer/__pycache__/plot.cpython-310.pyc
/home/lee/ros2_ws/src/visualizer/install/visualizer/lib/python3.10/site-packages/visualizer/__pycache__/__init__.cpython-310.pyc
/home/lee/ros2_ws/src/visualizer/install/visualizer/lib/python3.10/site-packages/visualizer/__pycache__/trajectory_triptych.cpython-310.pyc
/home/lee/ros2_ws/src/visualizer/install/visualizer/lib/python3.10/site-packages/visualizer/__pycache__/key_stop_plot.cpython-310.pyc
/home/lee/ros2_ws/src/visualizer/install/visualizer/share/ament_index/resource_index/packages/visualizer
/home/lee/ros2_ws/src/visualizer/install/visualizer/share/visualizer/package.xml
/home/lee/ros2_ws/src/visualizer/install/visualizer/share/visualizer/launch/record_and_plot.launch.py
/home/lee/ros2_ws/src/visualizer/install/visualizer/lib/python3.10/site-packages/visualizer-0.1.0-py3.10.egg-info/SOURCES.txt
/home/lee/ros2_ws/src/visualizer/install/visualizer/lib/python3.10/site-packages/visualizer-0.1.0-py3.10.egg-info/top_level.txt
/home/lee/ros2_ws/src/visualizer/install/visualizer/lib/python3.10/site-packages/visualizer-0.1.0-py3.10.egg-info/requires.txt
/home/lee/ros2_ws/src/visualizer/install/visualizer/lib/python3.10/site-packages/visualizer-0.1.0-py3.10.egg-info/zip-safe
/home/lee/ros2_ws/src/visualizer/install/visualizer/lib/python3.10/site-packages/visualizer-0.1.0-py3.10.egg-info/entry_points.txt
/home/lee/ros2_ws/src/visualizer/install/visualizer/lib/python3.10/site-packages/visualizer-0.1.0-py3.10.egg-info/PKG-INFO
/home/lee/ros2_ws/src/visualizer/install/visualizer/lib/python3.10/site-packages/visualizer-0.1.0-py3.10.egg-info/dependency_links.txt
/home/lee/ros2_ws/src/visualizer/install/visualizer/lib/visualizer/caster_kinematic_estimator_node
/home/lee/ros2_ws/src/visualizer/install/visualizer/lib/visualizer/key_stop_plot_node
/home/lee/ros2_ws/src/visualizer/install/visualizer/lib/visualizer/plot_node
/home/lee/ros2_ws/src/visualizer/install/visualizer/lib/visualizer/record_node
/home/lee/ros2_ws/src/visualizer/install/visualizer/lib/visualizer/trajectory_triptych
