[0.057s] DEBUG:colcon:Command line arguments: ['/home/lee/anaconda3/envs/ros2/bin/colcon', 'build', '--packages-select', 'visualizer']
[0.057s] DEBUG:colcon:Parsed command line arguments: Namespace(log_base=None, log_level=None, verb_name='build', build_base='build', install_base='install', merge_install=False, symlink_install=False, test_result_base=None, continue_on_error=False, executor='parallel', parallel_workers=28, event_handlers=None, ignore_user_meta=False, metas=['./colcon.meta'], base_paths=['.'], packages_ignore=None, packages_ignore_regex=None, paths=None, packages_up_to=None, packages_up_to_regex=None, packages_above=None, packages_above_and_dependencies=None, packages_above_depth=None, packages_select_by_dep=None, packages_skip_by_dep=None, packages_skip_up_to=None, packages_select_build_failed=False, packages_skip_build_finished=False, packages_select_test_failures=False, packages_skip_test_passed=False, packages_select=['visualizer'], packages_skip=None, packages_select_regex=None, packages_skip_regex=None, packages_start=None, packages_end=None, cmake_args=None, cmake_target=None, cmake_target_skip_unavailable=False, cmake_clean_cache=False, cmake_clean_first=False, cmake_force_configure=False, ament_cmake_args=None, catkin_cmake_args=None, catkin_skip_building_tests=False, verb_parser=<colcon_defaults.argument_parser.defaults.DefaultArgumentsDecorator object at 0x7fe834a936d0>, verb_extension=<colcon_core.verb.build.BuildVerb object at 0x7fe834c38c10>, main=<bound method BuildVerb.main of <colcon_core.verb.build.BuildVerb object at 0x7fe834c38c10>>)
[0.074s] Level 1:colcon.colcon_core.package_discovery:discover_packages(colcon_meta) check parameters
[0.074s] Level 1:colcon.colcon_core.package_discovery:discover_packages(recursive) check parameters
[0.074s] Level 1:colcon.colcon_core.package_discovery:discover_packages(ignore) check parameters
[0.074s] Level 1:colcon.colcon_core.package_discovery:discover_packages(path) check parameters
[0.074s] Level 1:colcon.colcon_core.package_discovery:discover_packages(colcon_meta) discover
[0.074s] Level 1:colcon.colcon_core.package_discovery:discover_packages(recursive) discover
[0.074s] INFO:colcon.colcon_core.package_discovery:Crawling recursively for packages in '/home/lee/ros2_ws/src/visualizer'
[0.074s] Level 1:colcon.colcon_core.package_identification:_identify(.) by extensions ['ignore', 'ignore_ament_install']
[0.074s] Level 1:colcon.colcon_core.package_identification:_identify(.) by extension 'ignore'
[0.074s] Level 1:colcon.colcon_core.package_identification:_identify(.) by extension 'ignore_ament_install'
[0.074s] Level 1:colcon.colcon_core.package_identification:_identify(.) by extensions ['colcon_pkg']
[0.074s] Level 1:colcon.colcon_core.package_identification:_identify(.) by extension 'colcon_pkg'
[0.074s] Level 1:colcon.colcon_core.package_identification:_identify(.) by extensions ['colcon_meta']
[0.074s] Level 1:colcon.colcon_core.package_identification:_identify(.) by extension 'colcon_meta'
[0.074s] Level 1:colcon.colcon_core.package_identification:_identify(.) by extensions ['ros']
[0.074s] Level 1:colcon.colcon_core.package_identification:_identify(.) by extension 'ros'
[0.089s] DEBUG:colcon.colcon_core.package_identification:Package '.' with type 'ros.ament_python' and name 'visualizer'
[0.089s] Level 1:colcon.colcon_core.package_discovery:discover_packages(recursive) using defaults
[0.089s] Level 1:colcon.colcon_core.package_discovery:discover_packages(ignore) discover
[0.089s] Level 1:colcon.colcon_core.package_discovery:discover_packages(ignore) using defaults
[0.089s] Level 1:colcon.colcon_core.package_discovery:discover_packages(path) discover
[0.089s] Level 1:colcon.colcon_core.package_discovery:discover_packages(path) using defaults
[0.098s] Level 5:colcon.colcon_core.verb:set package 'visualizer' build argument 'cmake_args' from command line to 'None'
[0.098s] Level 5:colcon.colcon_core.verb:set package 'visualizer' build argument 'cmake_target' from command line to 'None'
[0.098s] Level 5:colcon.colcon_core.verb:set package 'visualizer' build argument 'cmake_target_skip_unavailable' from command line to 'False'
[0.098s] Level 5:colcon.colcon_core.verb:set package 'visualizer' build argument 'cmake_clean_cache' from command line to 'False'
[0.099s] Level 5:colcon.colcon_core.verb:set package 'visualizer' build argument 'cmake_clean_first' from command line to 'False'
[0.099s] Level 5:colcon.colcon_core.verb:set package 'visualizer' build argument 'cmake_force_configure' from command line to 'False'
[0.099s] Level 5:colcon.colcon_core.verb:set package 'visualizer' build argument 'ament_cmake_args' from command line to 'None'
[0.099s] Level 5:colcon.colcon_core.verb:set package 'visualizer' build argument 'catkin_cmake_args' from command line to 'None'
[0.099s] Level 5:colcon.colcon_core.verb:set package 'visualizer' build argument 'catkin_skip_building_tests' from command line to 'False'
[0.099s] DEBUG:colcon.colcon_core.verb:Building package 'visualizer' with the following arguments: {'ament_cmake_args': None, 'build_base': '/home/lee/ros2_ws/src/visualizer/build/visualizer', 'catkin_cmake_args': None, 'catkin_skip_building_tests': False, 'cmake_args': None, 'cmake_clean_cache': False, 'cmake_clean_first': False, 'cmake_force_configure': False, 'cmake_target': None, 'cmake_target_skip_unavailable': False, 'install_base': '/home/lee/ros2_ws/src/visualizer/install/visualizer', 'merge_install': False, 'path': '/home/lee/ros2_ws/src/visualizer', 'symlink_install': False, 'test_result_base': None}
[0.099s] INFO:colcon.colcon_core.executor:Executing jobs using 'parallel' executor
[0.100s] DEBUG:colcon.colcon_parallel_executor.executor.parallel:run_until_complete
[0.100s] INFO:colcon.colcon_ros.task.ament_python.build:Building ROS package in '/home/lee/ros2_ws/src/visualizer' with build type 'ament_python'
[0.100s] Level 1:colcon.colcon_core.shell:create_environment_hook('visualizer', 'ament_prefix_path')
[0.101s] INFO:colcon.colcon_core.plugin_system:Skipping extension 'colcon_core.shell.bat': Not used on non-Windows systems
[0.101s] INFO:colcon.colcon_core.shell:Creating environment hook '/home/lee/ros2_ws/src/visualizer/install/visualizer/share/visualizer/hook/ament_prefix_path.ps1'
[0.102s] INFO:colcon.colcon_core.shell:Creating environment descriptor '/home/lee/ros2_ws/src/visualizer/install/visualizer/share/visualizer/hook/ament_prefix_path.dsv'
[0.102s] INFO:colcon.colcon_core.shell:Creating environment hook '/home/lee/ros2_ws/src/visualizer/install/visualizer/share/visualizer/hook/ament_prefix_path.sh'
[0.103s] INFO:colcon.colcon_core.shell:Skip shell extension 'powershell' for command environment: Not usable outside of PowerShell
[0.103s] DEBUG:colcon.colcon_core.shell:Skip shell extension 'dsv' for command environment
[0.197s] INFO:colcon.colcon_core.task.python.build:Building Python package in '/home/lee/ros2_ws/src/visualizer'
[0.197s] INFO:colcon.colcon_core.shell:Skip shell extension 'powershell' for command environment: Not usable outside of PowerShell
[0.197s] DEBUG:colcon.colcon_core.shell:Skip shell extension 'dsv' for command environment
[0.390s] DEBUG:colcon.colcon_core.event_handler.log_command:Invoking command in '/home/lee/ros2_ws/src/visualizer': CONDA_PROMPT_MODIFIER=(ros2) PYTHONPATH=/home/lee/ros2_ws/src/visualizer/build/visualizer/prefix_override:/home/lee/anaconda3/envs/ros2/lib/python3.10/site-packages/colcon_core/task/python/colcon_distutils_commands:/home/lee/ros2_ws/src/visualizer/install/visualizer/lib/python3.10/site-packages:${PYTHONPATH} /home/lee/anaconda3/envs/ros2/bin/python3.10 -W ignore:setup.py install is deprecated -W ignore:easy_install command is deprecated setup.py egg_info --egg-base build/visualizer build --build-base /home/lee/ros2_ws/src/visualizer/build/visualizer/build install --record /home/lee/ros2_ws/src/visualizer/build/visualizer/install.log --single-version-externally-managed install_data
[0.590s] DEBUG:colcon.colcon_core.event_handler.log_command:Invoked command in '/home/lee/ros2_ws/src/visualizer' returned '0': CONDA_PROMPT_MODIFIER=(ros2) PYTHONPATH=/home/lee/ros2_ws/src/visualizer/build/visualizer/prefix_override:/home/lee/anaconda3/envs/ros2/lib/python3.10/site-packages/colcon_core/task/python/colcon_distutils_commands:/home/lee/ros2_ws/src/visualizer/install/visualizer/lib/python3.10/site-packages:${PYTHONPATH} /home/lee/anaconda3/envs/ros2/bin/python3.10 -W ignore:setup.py install is deprecated -W ignore:easy_install command is deprecated setup.py egg_info --egg-base build/visualizer build --build-base /home/lee/ros2_ws/src/visualizer/build/visualizer/build install --record /home/lee/ros2_ws/src/visualizer/build/visualizer/install.log --single-version-externally-managed install_data
[0.591s] Level 1:colcon.colcon_core.environment:checking '/home/lee/ros2_ws/src/visualizer/install/visualizer' for CMake module files
[0.591s] Level 1:colcon.colcon_core.environment:checking '/home/lee/ros2_ws/src/visualizer/install/visualizer' for CMake config files
[0.592s] Level 1:colcon.colcon_core.environment:checking '/home/lee/ros2_ws/src/visualizer/install/visualizer/lib'
[0.592s] Level 1:colcon.colcon_core.environment:checking '/home/lee/ros2_ws/src/visualizer/install/visualizer/bin'
[0.592s] Level 1:colcon.colcon_core.environment:checking '/home/lee/ros2_ws/src/visualizer/install/visualizer/lib/pkgconfig/visualizer.pc'
[0.592s] Level 1:colcon.colcon_core.environment:checking '/home/lee/ros2_ws/src/visualizer/install/visualizer/lib/python3.10/site-packages'
[0.592s] Level 1:colcon.colcon_core.shell:create_environment_hook('visualizer', 'pythonpath')
[0.592s] INFO:colcon.colcon_core.shell:Creating environment hook '/home/lee/ros2_ws/src/visualizer/install/visualizer/share/visualizer/hook/pythonpath.ps1'
[0.592s] INFO:colcon.colcon_core.shell:Creating environment descriptor '/home/lee/ros2_ws/src/visualizer/install/visualizer/share/visualizer/hook/pythonpath.dsv'
[0.592s] INFO:colcon.colcon_core.shell:Creating environment hook '/home/lee/ros2_ws/src/visualizer/install/visualizer/share/visualizer/hook/pythonpath.sh'
[0.593s] Level 1:colcon.colcon_core.environment:checking '/home/lee/ros2_ws/src/visualizer/install/visualizer/bin'
[0.593s] Level 1:colcon.colcon_core.environment:create_environment_scripts_only(visualizer)
[0.593s] INFO:colcon.colcon_core.shell:Creating package script '/home/lee/ros2_ws/src/visualizer/install/visualizer/share/visualizer/package.ps1'
[0.593s] INFO:colcon.colcon_core.shell:Creating package descriptor '/home/lee/ros2_ws/src/visualizer/install/visualizer/share/visualizer/package.dsv'
[0.593s] INFO:colcon.colcon_core.shell:Creating package script '/home/lee/ros2_ws/src/visualizer/install/visualizer/share/visualizer/package.sh'
[0.594s] INFO:colcon.colcon_core.shell:Creating package script '/home/lee/ros2_ws/src/visualizer/install/visualizer/share/visualizer/package.bash'
[0.594s] INFO:colcon.colcon_core.shell:Creating package script '/home/lee/ros2_ws/src/visualizer/install/visualizer/share/visualizer/package.zsh'
[0.594s] Level 1:colcon.colcon_core.environment:create_file_with_runtime_dependencies(/home/lee/ros2_ws/src/visualizer/install/visualizer/share/colcon-core/packages/visualizer)
[0.594s] DEBUG:colcon.colcon_parallel_executor.executor.parallel:closing loop
[0.594s] DEBUG:colcon.colcon_parallel_executor.executor.parallel:loop closed
[0.594s] DEBUG:colcon.colcon_parallel_executor.executor.parallel:run_until_complete finished with '0'
[0.594s] DEBUG:colcon.colcon_core.event_reactor:joining thread
[0.595s] INFO:colcon.colcon_core.plugin_system:Skipping extension 'colcon_notification.desktop_notification.notify2': 'notify2' not found
[0.595s] INFO:colcon.colcon_core.plugin_system:Skipping extension 'colcon_notification.desktop_notification.terminal_notifier': Not used on non-Darwin systems
[0.595s] INFO:colcon.colcon_core.plugin_system:Skipping extension 'colcon_notification.desktop_notification.win32': Not used on non-Windows systems
[0.595s] INFO:colcon.colcon_notification.desktop_notification:Sending desktop notification using 'notify_send'
[0.605s] DEBUG:colcon.colcon_core.event_reactor:joined thread
[0.605s] INFO:colcon.colcon_core.shell:Creating prefix script '/home/lee/ros2_ws/src/visualizer/install/local_setup.ps1'
[0.606s] INFO:colcon.colcon_core.shell:Creating prefix util module '/home/lee/ros2_ws/src/visualizer/install/_local_setup_util_ps1.py'
[0.607s] INFO:colcon.colcon_core.shell:Creating prefix chain script '/home/lee/ros2_ws/src/visualizer/install/setup.ps1'
[0.608s] INFO:colcon.colcon_core.shell:Creating prefix script '/home/lee/ros2_ws/src/visualizer/install/local_setup.sh'
[0.608s] INFO:colcon.colcon_core.shell:Creating prefix util module '/home/lee/ros2_ws/src/visualizer/install/_local_setup_util_sh.py'
[0.608s] INFO:colcon.colcon_core.shell:Creating prefix chain script '/home/lee/ros2_ws/src/visualizer/install/setup.sh'
[0.609s] INFO:colcon.colcon_core.shell:Creating prefix script '/home/lee/ros2_ws/src/visualizer/install/local_setup.bash'
[0.609s] INFO:colcon.colcon_core.shell:Creating prefix chain script '/home/lee/ros2_ws/src/visualizer/install/setup.bash'
[0.609s] INFO:colcon.colcon_core.shell:Creating prefix script '/home/lee/ros2_ws/src/visualizer/install/local_setup.zsh'
[0.609s] INFO:colcon.colcon_core.shell:Creating prefix chain script '/home/lee/ros2_ws/src/visualizer/install/setup.zsh'
